[ 2016-03-04T15:05:08+08:00 ] 127.0.0.1 /gcenter/
SQL: SHOW COLUMNS FROM `onethink_category` [ RunTime:0.002500s ]
SQL: SELECT `id`,`name`,`title`,`pid`,`sort`,`list_row`,`meta_title`,`keywords`,`description`,`template_index`,`template_lists`,`template_detail`,`template_edit`,`model`,`type`,`link_id`,`allow_publish`,`display`,`reply`,`check`,`reply_model`,`extend`,`create_time`,`update_time`,`status`,`icon` FROM `onethink_category` WHERE ( `status` = 1 ) ORDER BY sort  [ RunTime:0.000000s ]
SQL: SHOW COLUMNS FROM `onethink_document` [ RunTime:0.002001s ]
SQL: SELECT `id`,`uid`,`name`,`title`,`category_id`,`description`,`root`,`pid`,`model_id`,`type`,`position`,`link_id`,`cover_id`,`display`,`deadline`,`attach`,`view`,`comment`,`extend`,`level`,`create_time`,`update_time`,`status` FROM `onethink_document` WHERE ( `status` = 1 ) AND ( `pid` = 0 ) AND ( `create_time` < 1457075108 ) AND ( deadline = 0 OR deadline > 1457075108 ) ORDER BY `id` DESC  [ RunTime:0.000500s ]
INFO: [ view_parse ] --START--
INFO: [ template_filter ] --START--
INFO: Run Behavior\ContentReplace [ RunTime:0.000500s ]
INFO: [ template_filter ] --END-- [ RunTime:0.000500s ]
SQL: SHOW COLUMNS FROM `onethink_channel` [ RunTime:0.002500s ]
SQL: SELECT `id`,`pid`,`title`,`url`,`sort`,`create_time`,`update_time`,`status`,`target` FROM `onethink_channel` WHERE ( status=1 ) ORDER BY sort  [ RunTime:0.000500s ]
SQL: SELECT `id`,`name`,`title`,`pid`,`sort`,`list_row`,`meta_title`,`keywords`,`description`,`template_index`,`template_lists`,`template_detail`,`template_edit`,`model`,`type`,`link_id`,`allow_publish`,`display`,`reply`,`check`,`reply_model`,`extend`,`create_time`,`update_time`,`status`,`icon` FROM `onethink_category` WHERE ( `id` = 1 ) LIMIT 1   [ RunTime:0.000500s ]
SQL: SELECT `id`,`name`,`pid`,`title`,`link_id` FROM `onethink_category` WHERE ( `status` = 1 ) ORDER BY sort  [ RunTime:0.000000s ]
INFO: [ view_parse ] --START--
INFO: [ template_filter ] --START--
INFO: Run Behavior\ContentReplace [ RunTime:0.000000s ]
INFO: [ template_filter ] --END-- [ RunTime:-0.017002s ]
INFO: Run Behavior\ParseTemplate [ RunTime:0.005501s ]
INFO: [ view_parse ] --END-- [ RunTime:0.006001s ]
INFO: [ view_filter ] --START--
INFO: Run Behavior\WriteHtmlCache [ RunTime:0.000500s ]
INFO: [ view_filter ] --END-- [ RunTime:0.000500s ]
SQL: SELECT `id`,`name`,`title`,`pid`,`sort`,`list_row`,`meta_title`,`keywords`,`description`,`template_index`,`template_lists`,`template_detail`,`template_edit`,`model`,`type`,`link_id`,`allow_publish`,`display`,`reply`,`check`,`reply_model`,`extend`,`create_time`,`update_time`,`status`,`icon` FROM `onethink_category` WHERE ( `id` = 1 ) LIMIT 1   [ RunTime:0.000000s ]
SQL: SELECT `id`,`name`,`pid`,`title`,`link_id` FROM `onethink_category` WHERE ( `status` = 1 ) ORDER BY sort  [ RunTime:0.000500s ]
SQL: SELECT `id`,`uid`,`name`,`title`,`category_id`,`description`,`root`,`pid`,`model_id`,`type`,`position`,`link_id`,`cover_id`,`display`,`deadline`,`attach`,`view`,`comment`,`extend`,`level`,`create_time`,`update_time`,`status` FROM `onethink_document` WHERE ( `status` = 1 ) AND ( `pid` = 0 ) AND ( `category_id` = 2 ) AND ( `create_time` < 1457075108 ) AND ( deadline = 0 OR deadline > 1457075108 ) ORDER BY `level` DESC,`id` DESC LIMIT 0,10   [ RunTime:0.000500s ]
NOTIC: [2] mysqli::mysqli():  D:\wamp\www\gcenter\ThinkPHP\Library\Think\Db\Driver\Mysqli.class.php ç¬¬ 44 è¡Œ.
ERR: Accès refusé pour l'utilisateur: 'root'@'@localhost' (mot de passe: OUI)

